#
# There is insufficient memory for the Java Runtime Environment to continue.
# Native memory allocation (malloc) failed to allocate 1792 bytes for AllocateHeap
# Possible reasons:
#   The system is out of physical RAM or swap space
#   In 32 bit mode, the process size limit was hit
# Possible solutions:
#   Reduce memory load on the system
#   Increase physical memory or swap space
#   Check if swap backing store is full
#   Use 64 bit Java on a 64 bit OS
#   Decrease Java heap size (-Xmx/-Xms)
#   Decrease number of Java threads
#   Decrease Java thread stack sizes (-Xss)
#   Set larger code cache with -XX:ReservedCodeCacheSize=
# This output file may be truncated or incomplete.
#
#  Out of Memory Error (memory/allocation.inline.hpp:61), pid=7324, tid=0x000000000000232c
#
# JRE version: Java(TM) SE Runtime Environment (8.0_121-b13) (build 1.8.0_121-b13)
# Java VM: Java HotSpot(TM) 64-Bit Server VM (25.121-b13 mixed mode windows-amd64 compressed oops)
# Failed to write core dump. Minidumps are not enabled by default on client versions of Windows
#

---------------  T H R E A D  ---------------

Current thread (0x00000000032b8000):  GCTaskThread [stack: 0x0000000012f10000,0x0000000013010000] [id=9004]

Stack: [0x0000000012f10000,0x0000000013010000]
[error occurred during error reporting (printing stack bounds), id 0xc0000005]

Native frames: (J=compiled Java code, j=interpreted, Vv=VM code, C=native code)

JavaThread 0x000000001ec6c800 (nid = 4072) was being processed
Java frames: (J=compiled Java code, j=interpreted, Vv=VM code)
j  java.lang.Object.wait(J)V+0
j  java.lang.ref.ReferenceQueue.remove(J)Ljava/lang/ref/Reference;+59
j  java.lang.ref.ReferenceQueue.remove()Ljava/lang/ref/Reference;+2
j  com.sun.javafx.font.Disposer.run()V+3
j  java.lang.Thread.run()V+11
v  ~StubRoutines::call_stub

---------------  P R O C E S S  ---------------

Java Threads: ( => current thread )
  0x000000001ec6c800 JavaThread "Prism Font Disposer" daemon [_thread_blocked, id=4072, stack(0x00000000211e0000,0x00000000212e0000)]
  0x000000001ea05000 JavaThread "Thread-3" daemon [_thread_in_native, id=3260, stack(0x000000001f1a0000,0x000000001f2a0000)]
  0x000000001e9a6800 JavaThread "JavaFX-Launcher" [_thread_blocked, id=8244, stack(0x000000001f2a0000,0x000000001f3a0000)]
  0x0000000019c46000 JavaThread "JavaFX Application Thread" [_thread_blocked, id=4700, stack(0x000000001a310000,0x000000001a410000)]
  0x0000000019c36800 JavaThread "Thread-1" daemon [_thread_blocked, id=10200, stack(0x000000001a210000,0x000000001a310000)]
  0x0000000019bf5800 JavaThread "QuantumRenderer-0" daemon [_thread_blocked, id=7356, stack(0x0000000019f70000,0x000000001a070000)]
  0x000000001988d000 JavaThread "Service Thread" daemon [_thread_blocked, id=7928, stack(0x0000000019c60000,0x0000000019d60000)]
  0x0000000017efe800 JavaThread "C1 CompilerThread2" daemon [_thread_blocked, id=4956, stack(0x0000000019760000,0x0000000019860000)]
  0x0000000017ef1800 JavaThread "C2 CompilerThread1" daemon [_thread_blocked, id=204, stack(0x0000000019660000,0x0000000019760000)]
  0x0000000017eee000 JavaThread "C2 CompilerThread0" daemon [_thread_blocked, id=1936, stack(0x0000000019560000,0x0000000019660000)]
  0x0000000017eea800 JavaThread "Attach Listener" daemon [_thread_blocked, id=8184, stack(0x0000000019460000,0x0000000019560000)]
  0x0000000017ee9000 JavaThread "Signal Dispatcher" daemon [_thread_blocked, id=9416, stack(0x0000000019360000,0x0000000019460000)]
  0x0000000017eda800 JavaThread "Finalizer" daemon [_thread_blocked, id=8268, stack(0x0000000019150000,0x0000000019250000)]
  0x000000000338f000 JavaThread "Reference Handler" daemon [_thread_blocked, id=8124, stack(0x0000000019050000,0x0000000019150000)]
  0x00000000032a0800 JavaThread "main" [_thread_blocked, id=5368, stack(0x00000000031a0000,0x00000000032a0000)]

Other Threads:
  0x0000000017eb7000 VMThread [stack: 0x0000000018f50000,0x0000000019050000] [id=8120]
  0x000000001989f800 WatcherThread [stack: 0x0000000019e70000,0x0000000019f70000] [id=3148]

=>0x00000000032b8000 (exited) GCTaskThread [stack: 0x0000000012f10000,0x0000000013010000] [id=9004]

VM state:at safepoint (normal execution)

VM Mutex/Monitor currently owned by a thread:  ([mutex/lock_event])
[0x0000000003118630] OopMapCacheAlloc_lock - owner thread: 0x00000000032b8000
[0x000000000311bba0] Threads_lock - owner thread: 0x0000000017eb7000
[0x000000000311e130] Heap_lock - owner thread: 0x0000000019c46000

Heap:
 PSYoungGen      total 38400K, used 25938K [0x00000000d5d80000, 0x00000000d8800000, 0x0000000100000000)
  eden space 33280K, 77% used [0x00000000d5d80000,0x00000000d76d4908,0x00000000d7e00000)
  from space 5120K, 0% used [0x00000000d8300000,0x00000000d8300000,0x00000000d8800000)
  to   space 5120K, 2% used [0x00000000d7e00000,0x00000000d7e20000,0x00000000d8300000)
 ParOldGen       total 87552K, used 0K [0x0000000081800000, 0x0000000086d80000, 0x00000000d5d80000)
  object space 87552K, 0% used [0x0000000081800000,0x0000000081800000,0x0000000086d80000)
 Metaspace       used 13363K, capacity 13890K, committed 14080K, reserved 1060864K
  class space    used 1890K, capacity 2041K, committed 2048K, reserved 1048576K

Card table byte_map: [0x0000000012760000,0x0000000012b60000] byte_map_base: 0x0000000012354000

Marking Bits: (ParMarkBitMap*) 0x000000005715b6d0
 Begin Bits: [0x0000000013210000, 0x00000000151b0000)
 End Bits:   [0x00000000151b0000, 0x0000000017150000)

Polling page: 0x0000000001a60000

CodeCache: size=245760Kb used=3322Kb max_used=3322Kb free=242437Kb
 bounds [0x00000000033a0000, 0x00000000036e0000, 0x00000000123a0000]
 total_blobs=1394 nmethods=852 adapters=454
 compilation: disabled (not enough contiguous free space left)

Compilation events (10 events):
Event: 0.898 Thread 0x0000000017efe800  847       3       java.nio.charset.CharsetDecoder::implReset (1 bytes)
Event: 0.898 Thread 0x0000000017efe800 nmethod 847 0x00000000036db810 code [0x00000000036db960, 0x00000000036dbab0]
Event: 0.898 Thread 0x0000000017efe800  852       3       java.util.zip.ZipFile$ZipEntryIterator::nextElement (5 bytes)
Event: 0.899 Thread 0x0000000017efe800 nmethod 852 0x00000000036dbb10 code [0x00000000036dbc80, 0x00000000036dbe68]
Event: 0.899 Thread 0x0000000017efe800  853       3       java.util.zip.ZipFile$ZipEntryIterator::nextElement (5 bytes)
Event: 0.899 Thread 0x0000000017efe800 nmethod 853 0x00000000036dbf50 code [0x00000000036dc0c0, 0x00000000036dc248]
Event: 0.899 Thread 0x0000000017efe800  854   !   3       java.util.zip.ZipFile$ZipEntryIterator::next (212 bytes)
Event: 0.900 Thread 0x0000000017efe800 nmethod 854 0x00000000036dc2d0 code [0x00000000036dc640, 0x00000000036ddfb8]
Event: 0.900 Thread 0x0000000017efe800  855       3       java.util.Properties$LineReader::readLine (468 bytes)
Event: 0.902 Thread 0x0000000017efe800 


GC Heap History (1 events):
Event: 0.906 GC heap before
{Heap before GC invocations=1 (full 0):
 PSYoungGen      total 38400K, used 25938K [0x00000000d5d80000, 0x00000000d8800000, 0x0000000100000000)
  eden space 33280K, 77% used [0x00000000d5d80000,0x00000000d76d4908,0x00000000d7e00000)
  from space 5120K, 0% used [0x00000000d8300000,0x00000000d8300000,0x00000000d8800000)
  to   space 5120K, 0% used [0x00000000d7e00000,0x00000000d7e00000,0x00000000d8300000)
 ParOldGen       total 87552K, used 0K [0x0000000081800000, 0x0000000086d80000, 0x00000000d5d80000)
  object space 87552K, 0% used [0x0000000081800000,0x0000000081800000,0x0000000086d80000)
 Metaspace       used 13363K, capacity 13890K, committed 14080K, reserved 1060864K
  class space    used 1890K, capacity 2041K, committed 2048K, reserved 1048576K

Deoptimization events (10 events):
Event: 0.780 Thread 0x0000000019c46000 Uncommon trap: reason=unstable_if action=reinterpret pc=0x0000000003649438 method=java.lang.String.indexOf([CII[CIII)I @ 3
Event: 0.792 Thread 0x0000000019c46000 Uncommon trap: reason=class_check action=maybe_recompile pc=0x00000000035ec860 method=java.io.DataInputStream.readShort()S @ 4
Event: 0.793 Thread 0x0000000019c46000 Uncommon trap: reason=class_check action=maybe_recompile pc=0x00000000035ec860 method=java.io.DataInputStream.readShort()S @ 4
Event: 0.793 Thread 0x0000000019c46000 Uncommon trap: reason=class_check action=maybe_recompile pc=0x00000000035ec860 method=java.io.DataInputStream.readShort()S @ 4
Event: 0.793 Thread 0x0000000019c46000 Uncommon trap: reason=class_check action=maybe_recompile pc=0x00000000035ec860 method=java.io.DataInputStream.readShort()S @ 4
Event: 0.799 Thread 0x0000000019c46000 Uncommon trap: reason=class_check action=maybe_recompile pc=0x00000000034be030 method=java.lang.String.equals(Ljava/lang/Object;)Z @ 8
Event: 0.799 Thread 0x0000000019c46000 Uncommon trap: reason=class_check action=maybe_recompile pc=0x00000000034be030 method=java.lang.String.equals(Ljava/lang/Object;)Z @ 8
Event: 0.799 Thread 0x0000000019c46000 Uncommon trap: reason=class_check action=maybe_recompile pc=0x00000000034be030 method=java.lang.String.equals(Ljava/lang/Object;)Z @ 8
Event: 0.844 Thread 0x0000000019c46000 Uncommon trap: reason=unstable_if action=reinterpret pc=0x00000000036a3e6c method=java.lang.String.regionMatches(ZILjava/lang/String;II)Z @ 123
Event: 0.860 Thread 0x0000000019c46000 Uncommon trap: reason=class_check action=maybe_recompile pc=0x00000000034be030 method=java.lang.String.equals(Ljava/lang/Object;)Z @ 8

Internal exceptions (10 events):
Event: 0.191 Thread 0x00000000032a0800 Exception <a 'java/security/PrivilegedActionException'> (0x00000000d60314a8) thrown at [C:\re\workspace\8-2-build-windows-amd64-cygwin\jdk8u121\8372\hotspot\src\share\vm\prims\jvm.cpp, line 1390]
Event: 0.191 Thread 0x00000000032a0800 Exception <a 'java/security/PrivilegedActionException'> (0x00000000d60316b8) thrown at [C:\re\workspace\8-2-build-windows-amd64-cygwin\jdk8u121\8372\hotspot\src\share\vm\prims\jvm.cpp, line 1390]
Event: 0.191 Thread 0x00000000032a0800 Exception <a 'java/lang/NullPointerException'> (0x00000000d6031c90) thrown at [C:\re\workspace\8-2-build-windows-amd64-cygwin\jdk8u121\8372\hotspot\src\share\vm\interpreter\linkResolver.cpp, line 1178]
Event: 0.434 Thread 0x0000000019c46000 Exception <a 'java/lang/NullPointerException'> (0x00000000d6a00560) thrown at [C:\re\workspace\8-2-build-windows-amd64-cygwin\jdk8u121\8372\hotspot\src\share\vm\interpreter\linkResolver.cpp, line 1178]
Event: 0.434 Thread 0x0000000019c46000 Exception <a 'java/lang/NullPointerException'> (0x00000000d6a00560) thrown at [C:\re\workspace\8-2-build-windows-amd64-cygwin\jdk8u121\8372\hotspot\src\share\vm\prims\jvm.cpp, line 1394]
Event: 0.459 Thread 0x0000000019c46000 Exception <a 'java/lang/ArrayIndexOutOfBoundsException': 58> (0x00000000d6b24cf0) thrown at [C:\re\workspace\8-2-build-windows-amd64-cygwin\jdk8u121\8372\hotspot\src\share\vm\interpreter\interpreterRuntime.cpp, line 366]
Event: 0.460 Thread 0x0000000019c46000 Exception <a 'java/lang/ArrayIndexOutOfBoundsException': 18> (0x00000000d6b25b78) thrown at [C:\re\workspace\8-2-build-windows-amd64-cygwin\jdk8u121\8372\hotspot\src\share\vm\interpreter\interpreterRuntime.cpp, line 366]
Event: 0.460 Thread 0x0000000019c46000 Exception <a 'java/lang/ArrayIndexOutOfBoundsException': 86> (0x00000000d6b26f20) thrown at [C:\re\workspace\8-2-build-windows-amd64-cygwin\jdk8u121\8372\hotspot\src\share\vm\interpreter\interpreterRuntime.cpp, line 366]
Event: 0.620 Thread 0x0000000019c46000 Implicit null exception at 0x0000000003600eb5 to 0x000000000360108d
Event: 0.732 Thread 0x0000000019c46000 Exception <a 'java/io/FileNotFoundException'> (0x00000000d7241aa8) thrown at [C:\re\workspace\8-2-build-windows-amd64-cygwin\jdk8u121\8372\hotspot\src\share\vm\prims\jni.cpp, line 709]

Events (10 events):
Event: 0.905 loading class javafx/scene/shape/Rectangle$3 done
Event: 0.905 loading class javafx/scene/shape/Rectangle$4
Event: 0.905 loading class javafx/scene/shape/Rectangle$4 done
Event: 0.905 loading class javafx/scene/shape/Rectangle$1
Event: 0.905 loading class javafx/scene/shape/Rectangle$1 done
Event: 0.905 loading class javafx/scene/shape/Rectangle$2
Event: 0.905 loading class javafx/scene/shape/Rectangle$2 done
Event: 0.905 loading class com/sun/javafx/sg/prism/NGRectangle
Event: 0.905 loading class com/sun/javafx/sg/prism/NGRectangle done
Event: 0.905 Executing VM operation: CollectForMetadataAllocation


Dynamic libraries:
0x00007ff621380000 - 0x00007ff6213b7000 	C:\Program Files\Java\jre1.8.0_121\bin\javaw.exe
0x00007ffbfb200000 - 0x00007ffbfb3c1000 	C:\Windows\SYSTEM32\ntdll.dll
0x00007ffbf9dc0000 - 0x00007ffbf9e6d000 	C:\Windows\system32\KERNEL32.DLL
0x00007ffbf83c0000 - 0x00007ffbf85a8000 	C:\Windows\system32\KERNELBASE.dll
0x00007ffbfad00000 - 0x00007ffbfada7000 	C:\Windows\system32\ADVAPI32.dll
0x00007ffbf9fd0000 - 0x00007ffbfa06d000 	C:\Windows\system32\msvcrt.dll
0x00007ffbfa380000 - 0x00007ffbfa3db000 	C:\Windows\system32\sechost.dll
0x00007ffbf9c80000 - 0x00007ffbf9d9c000 	C:\Windows\system32\RPCRT4.dll
0x00007ffbfa090000 - 0x00007ffbfa1e6000 	C:\Windows\system32\USER32.dll
0x00007ffbfa1f0000 - 0x00007ffbfa376000 	C:\Windows\system32\GDI32.dll
0x00007ffbe2420000 - 0x00007ffbe2694000 	C:\Windows\WinSxS\amd64_microsoft.windows.common-controls_6595b64144ccf1df_6.0.10586.672_none_a2d6b3cea53ff843\COMCTL32.dll
0x00007ffbfa490000 - 0x00007ffbfa70d000 	C:\Windows\system32\combase.dll
0x00007ffbf7970000 - 0x00007ffbf79da000 	C:\Windows\system32\bcryptPrimitives.dll
0x00007ffbf86e0000 - 0x00007ffbf871b000 	C:\Windows\system32\IMM32.DLL
0x0000000056860000 - 0x0000000056932000 	C:\Program Files\Java\jre1.8.0_121\bin\msvcr100.dll
0x0000000056940000 - 0x00000000571db000 	C:\Program Files\Java\jre1.8.0_121\bin\server\jvm.dll
0x00007ffbf9db0000 - 0x00007ffbf9db8000 	C:\Windows\system32\PSAPI.DLL
0x00007ffbe9770000 - 0x00007ffbe9779000 	C:\Windows\SYSTEM32\WSOCK32.dll
0x00007ffbfab40000 - 0x00007ffbfabab000 	C:\Windows\system32\WS2_32.dll
0x00007ffbf5da0000 - 0x00007ffbf5dc3000 	C:\Windows\SYSTEM32\WINMM.dll
0x00007ffbea640000 - 0x00007ffbea64a000 	C:\Windows\SYSTEM32\VERSION.dll
0x00007ffbf5d10000 - 0x00007ffbf5d3c000 	C:\Windows\SYSTEM32\WINMMBASE.dll
0x00007ffbf85b0000 - 0x00007ffbf85f3000 	C:\Windows\system32\cfgmgr32.dll
0x0000000056850000 - 0x000000005685f000 	C:\Program Files\Java\jre1.8.0_121\bin\verify.dll
0x0000000056820000 - 0x0000000056849000 	C:\Program Files\Java\jre1.8.0_121\bin\java.dll
0x0000000056800000 - 0x0000000056816000 	C:\Program Files\Java\jre1.8.0_121\bin\zip.dll
0x00007ffbf8720000 - 0x00007ffbf9c7c000 	C:\Windows\system32\SHELL32.dll
0x00007ffbf7d70000 - 0x00007ffbf83b5000 	C:\Windows\system32\windows.storage.dll
0x00007ffbfaec0000 - 0x00007ffbfaf12000 	C:\Windows\system32\shlwapi.dll
0x00007ffbf78a0000 - 0x00007ffbf78af000 	C:\Windows\system32\kernel.appcore.dll
0x00007ffbf78b0000 - 0x00007ffbf7965000 	C:\Windows\system32\shcore.dll
0x00007ffbf7850000 - 0x00007ffbf789b000 	C:\Windows\system32\powrprof.dll
0x00007ffbf7830000 - 0x00007ffbf7844000 	C:\Windows\system32\profapi.dll
0x00007ffbcb180000 - 0x00007ffbcb26f000 	C:\Program Files\Java\jre1.8.0_121\bin\msvcr120.dll
0x00007ffbcb0d0000 - 0x00007ffbcb176000 	C:\Program Files\Java\jre1.8.0_121\bin\msvcp120.dll
0x0000000053330000 - 0x0000000053352000 	C:\Program Files\Java\jre1.8.0_121\bin\prism_d3d.dll
0x00007ffbc5a60000 - 0x00007ffbc5c70000 	C:\Windows\system32\d3d9.dll
0x00007ffbf5600000 - 0x00007ffbf5622000 	C:\Windows\SYSTEM32\dwmapi.dll
0x00007ffbf5ff0000 - 0x00007ffbf6086000 	C:\Windows\system32\uxtheme.dll
0x00007ffbc3520000 - 0x00007ffbc5a5b000 	C:\Windows\SYSTEM32\igdumdim64.dll
0x00007ffbfa710000 - 0x00007ffbfab39000 	C:\Windows\system32\SETUPAPI.dll
0x00007ffbfaf20000 - 0x00007ffbfafe6000 	C:\Windows\system32\OLEAUT32.dll
0x00007ffbfabb0000 - 0x00007ffbfacf3000 	C:\Windows\system32\ole32.dll
0x00000000532e0000 - 0x0000000053323000 	C:\Program Files\Java\jre1.8.0_121\bin\glass.dll
0x00007ffbfadb0000 - 0x00007ffbfaebb000 	C:\Windows\system32\COMDLG32.dll
0x00007ffbf7ce0000 - 0x00007ffbf7d66000 	C:\Windows\system32\FirewallAPI.dll
0x00007ffbf7bb0000 - 0x00007ffbf7bc7000 	C:\Windows\system32\NETAPI32.dll
0x00007ffbd40e0000 - 0x00007ffbd40ec000 	C:\Windows\SYSTEM32\DAVHLPR.DLL
0x00007ffbf63f0000 - 0x00007ffbf6422000 	C:\Windows\SYSTEM32\fwbase.dll
0x00007ffbf9e70000 - 0x00007ffbf9fca000 	C:\Windows\system32\MSCTF.dll
0x00007ffbf1ab0000 - 0x00007ffbf2923000 	C:\Windows\SYSTEM32\igc64.dll
0x00000000532c0000 - 0x00000000532d4000 	C:\Program Files\Java\jre1.8.0_121\bin\javafx_font.dll
0x00007ffbec870000 - 0x00007ffbecacf000 	C:\Windows\SYSTEM32\dwrite.dll
0x00007ffbfa3e0000 - 0x00007ffbfa487000 	C:\Windows\system32\clbcatq.dll
0x00007ffbf50e0000 - 0x00007ffbf5291000 	C:\Windows\SYSTEM32\WindowsCodecs.dll
0x00007ffbd24a0000 - 0x00007ffbd24ea000 	C:\Windows\system32\dataexchange.dll
0x00007ffbf5350000 - 0x00007ffbf55f8000 	C:\Windows\system32\d3d11.dll
0x00007ffbf5710000 - 0x00007ffbf57f3000 	C:\Windows\system32\dcomp.dll
0x00007ffbf52a0000 - 0x00007ffbf5342000 	C:\Windows\system32\dxgi.dll
0x00007ffbf6190000 - 0x00007ffbf6290000 	C:\Windows\system32\twinapi.appcore.dll
0x00007ffbf7750000 - 0x00007ffbf7779000 	C:\Windows\system32\bcrypt.dll
0x00007ffbd2df0000 - 0x00007ffbd2e24000 	C:\Program Files\Common Files\Microsoft Shared\Ink\rtscom.dll

VM Arguments:
jvm_args: -Dfile.encoding=Cp1252 
java_command: application.Main
java_class_path (initial): C:\Users\Fitec\workspace\fitecFx\bin;C:\Users\Fitec\.p2\pool\plugins\org.eclipse.fx.ide.css.jfx8_2.4.0.201605112122.jar
Launcher Type: SUN_STANDARD

Environment Variables:
JAVA_HOME=C:\Program Files\Java\jdk1.8.0_121
PATH=C:/Program Files/Java/jre1.8.0_121/bin/server;C:/Program Files/Java/jre1.8.0_121/bin;C:/Program Files/Java/jre1.8.0_121/lib/amd64;C:\ProgramData\Oracle\Java\javapath;C:\Windows\system32;C:\Windows;C:\Windows\System32\Wbem;C:\Windows\System32\WindowsPowerShell\v1.0\;C:\Program Files\Intel\WiFi\bin\;C:\Program Files\Common Files\Intel\WirelessCommon\;C:\Program Files\MySQL\MySQL Utilities 1.6\;C:\Program Files\Intel\WiFi\bin\;C:\Program Files\Common Files\Intel\WirelessCommon\;C:\Program Files\Java\jdk1.8.0_121\bin;C:\Users\Fitec\Desktop;
USERNAME=Fitec
OS=Windows_NT
PROCESSOR_IDENTIFIER=Intel64 Family 6 Model 78 Stepping 3, GenuineIntel



---------------  S Y S T E M  ---------------

OS: Windows 10.0 , 64 bit Build 10586 (10.0.10586.589)

CPU:total 4 (2 cores per cpu, 2 threads per core) family 6 model 78 stepping 3, cmov, cx8, fxsr, mmx, sse, sse2, sse3, ssse3, sse4.1, sse4.2, popcnt, avx, avx2, aes, clmul, erms, rtm, 3dnowpref, lzcnt, ht, tsc, tscinvbit, bmi1, bmi2, adx

Memory: 4k page, physical 8283568k(3104768k free), swap 9332144k(5140k free)

vm_info: Java HotSpot(TM) 64-Bit Server VM (25.121-b13) for windows-amd64 JRE (1.8.0_121-b13), built on Dec 12 2016 18:21:36 by "java_re" with MS VC++ 10.0 (VS2010)

time: Mon Mar 27 16:43:59 2017
elapsed time: 0 seconds (0d 0h 0m 0s)

